[09/05/2022 19:42:43] Debug: Session id: 25300943-3b48-4467-9952-7cd4cebf9df8
[09/05/2022 19:42:43] Debug: Code Processor information: Name :SnowConvert, Version: 9.0.11.0
[09/05/2022 19:42:44] Debug: Getting license
[09/05/2022 19:42:44] Debug: License information
	Status: Failed
	Message: No active license available.
[09/05/2022 19:42:44] Info: Starting to validate parameters
[09/05/2022 19:42:44] Info: Parameters to validate: 
	Execution mode: Conversion
	LICENSE_KEY: a3372138-b87e-4a08-b929-3b48b24c63f1
[09/05/2022 19:42:44] Info: Validation of parameters: Success
[09/05/2022 19:42:44] Debug: Getting code descriptor
[09/05/2022 19:42:44] Debug: Code descriptor information
	Units: 51
	Units type: LOC
	All file bytes: 2141
	All found extensions: .sql,.dml,.ddl,.bteq,.btq,.fl,.fload,.ml,.mload,.mld,.tp,.tpump,.tpt
[09/05/2022 19:42:44] Debug: Calculating fingerprint
[09/05/2022 19:42:44] Debug: Fingerprint information Fingerprint(size=2141,projects=1)
[09/05/2022 19:42:44] Info: Starting to try to validate online license for execution
[09/05/2022 19:42:46] Debug: Getting license
[09/05/2022 19:42:46] Debug: License information
	Status: Failed
	Message: No active license available.
[09/05/2022 19:42:46] Debug: Starting the execution of the controller
[09/05/2022 19:42:47] Debug: Executing the worker: SnowConvert
[09/05/2022 19:42:57] Debug: Finished executing the worker: SnowConvert
[09/05/2022 19:42:59] Info: Controller execution ended
